<?xml version="1.0" encoding="UTF-8"?>
<!-- Generated by org.testng.reporters.JUnitReportReporter -->
<testsuite skipped="0" hostname="DESKTOP-JGLRBKR" name="com.crm.autodesk.OrgTest.CreateOrganizationTest" tests="1" failures="0" timestamp="2021-12-26T10:57:01 IST" time="44.430" errors="0">
  <testcase name="createOrganizationTest" time="44.430" classname="com.crm.autodesk.OrgTest.CreateOrganizationTest"/>
  <system-out/>
</testsuite> <!-- com.crm.autodesk.OrgTest.CreateOrganizationTest -->
