<?xml version="1.0" encoding="UTF-8"?>
<!-- Generated by org.testng.reporters.JUnitReportReporter -->
<testsuite skipped="1" hostname="DESKTOP-JGLRBKR" name="Day_1_practice.DataProviderPractice" tests="10" failures="0" timestamp="2021-12-23T18:06:57 IST" time="0.016" errors="0">
  <testcase name="test1" time="0.001" classname="Day_1_practice.DataProviderPractice"/>
  <system-out/>
  <testcase name="test1" time="0.001" classname="Day_1_practice.DataProviderPractice"/>
  <system-out/>
  <testcase name="test1" time="0.001" classname="Day_1_practice.DataProviderPractice"/>
  <system-out/>
  <testcase name="readDataFromDataProviderTest" time="0.002" classname="Day_1_practice.DataProviderPractice"/>
  <system-out/>
  <testcase name="readDataFromDataProviderTest" time="0.006" classname="Day_1_practice.DataProviderPractice"/>
  <system-out/>
  <testcase name="test3" time="0.001" classname="Day_1_practice.DataProviderPractice"/>
  <system-out/>
  <testcase name="readDataFromDataProviderTest" time="0.002" classname="Day_1_practice.DataProviderPractice"/>
  <system-out/>
  <testcase name="readDataFromDataProviderTest" time="0.001" classname="Day_1_practice.DataProviderPractice"/>
  <system-out/>
  <testcase name="test4" time="0.001" classname="Day_1_practice.DataProviderPractice"/>
  <system-out/>
  <testcase name="test2" classname="Day_1_practice.DataProviderPractice">
    <skipped/>
  </testcase> <!-- test2 -->
  <system-out/>
</testsuite> <!-- Day_1_practice.DataProviderPractice -->
