<?xml version="1.0" encoding="UTF-8"?>
<!-- Generated by org.testng.reporters.JUnitReportReporter -->
<testsuite skipped="0" hostname="DESKTOP-JGLRBKR" name="com.crm.autodesk.contactsTest.CancelButtonsEnableOrNot" tests="1" failures="0" timestamp="2021-12-28T00:51:01 IST" time="12.665" errors="0">
  <testcase name="cancelButtonsEnabledOrNotTest" time="12.665" classname="com.crm.autodesk.contactsTest.CancelButtonsEnableOrNot"/>
  <system-out/>
</testsuite> <!-- com.crm.autodesk.contactsTest.CancelButtonsEnableOrNot -->
